<?xml version="1.0" encoding="UTF-8"?>
<!-- Generated by org.testng.reporters.JUnitReportReporter -->
<testsuite hostname="IN-61DF8C3" failures="0" tests="3" name="tests.CartPageTest" time="35.136" errors="0" timestamp="2024-06-14T11:15:15 IST" skipped="0">
  <testcase classname="tests.CartPageTest" name="verifyProductAddedToCart" time="9.771"/>
  <testcase classname="tests.CartPageTest" name="verifyIncreaseQuantity" time="12.772"/>
  <testcase classname="tests.CartPageTest" name="verifyRemoveProduct" time="12.593"/>
</testsuite> <!-- tests.CartPageTest -->
