<?xml version="1.0" encoding="UTF-8"?>
<!-- Generated by org.testng.reporters.JUnitReportReporter -->
<testsuite hostname="IN-61DF8C3" failures="0" tests="7" name="tests.HomePageTest" time="45.387" errors="0" timestamp="2024-06-14T10:29:15 IST" skipped="0">
  <testcase classname="tests.HomePageTest" name="verifyHomePageTitle" time="4.472"/>
  <testcase classname="tests.HomePageTest" name="verifyGroceryNavigation" time="10.142"/>
  <testcase classname="tests.HomePageTest" name="testSearchFunctionality" time="7.357"/>
  <testcase classname="tests.HomePageTest" name="testSearchFunctionality" time="7.165"/>
  <testcase classname="tests.HomePageTest" name="testGoToLoginPage" time="6.678"/>
  <testcase classname="tests.HomePageTest" name="verifyCartIconPresence" time="4.651"/>
  <testcase classname="tests.HomePageTest" name="verifyFlipkartLogoPresence" time="4.922"/>
</testsuite> <!-- tests.HomePageTest -->
