<?xml version="1.0" encoding="UTF-8"?>
<!-- Generated by org.testng.reporters.JUnitReportReporter -->
<testsuite hostname="IN-61DF8C3" failures="0" tests="1" name="tests.CartPageTest" time="14.908" errors="0" timestamp="2024-06-14T10:33:22 IST" skipped="0">
  <testcase classname="tests.CartPageTest" name="verifyProductAddedToCart" time="14.908"/>
</testsuite> <!-- tests.CartPageTest -->
