<?xml version="1.0" encoding="UTF-8"?>
<!-- Generated by org.testng.reporters.JUnitReportReporter -->
<testsuite hostname="IN-61DF8C3" failures="0" tests="2" name="tests.LoginTest" time="10.326" errors="0" timestamp="2024-06-14T11:15:15 IST" skipped="0">
  <testcase classname="tests.LoginTest" name="testEnterEmail" time="5.015"/>
  <testcase classname="tests.LoginTest" name="testGoToSignupPage" time="5.311"/>
</testsuite> <!-- tests.LoginTest -->
