<?xml version="1.0" encoding="UTF-8"?>
<!-- Generated by org.testng.reporters.JUnitReportReporter -->
<testsuite hostname="IN-61DF8C3" failures="0" tests="7" name="tests.HomePageTest" time="41.149" errors="0" timestamp="2024-06-14T11:15:15 IST" skipped="0">
  <testcase classname="tests.HomePageTest" name="verifyHomePageTitle" time="3.535"/>
  <testcase classname="tests.HomePageTest" name="verifyGroceryNavigation" time="8.348"/>
  <testcase classname="tests.HomePageTest" name="testSearchFunctionality" time="7.413"/>
  <testcase classname="tests.HomePageTest" name="testSearchFunctionality" time="5.569"/>
  <testcase classname="tests.HomePageTest" name="testGoToLoginPage" time="5.531"/>
  <testcase classname="tests.HomePageTest" name="verifyCartIconPresence" time="3.360"/>
  <testcase classname="tests.HomePageTest" name="verifyFlipkartLogoPresence" time="7.393"/>
</testsuite> <!-- tests.HomePageTest -->
