<?xml version="1.0" encoding="UTF-8"?>
<!-- Generated by org.testng.reporters.JUnitReportReporter -->
<testsuite hostname="IN-61DF8C3" failures="0" tests="1" name="tests.ProductsPageTest" time="10.079" errors="0" timestamp="2024-06-14T11:15:15 IST" skipped="0">
  <testcase classname="tests.ProductsPageTest" name="testAddToCart" time="10.079"/>
</testsuite> <!-- tests.ProductsPageTest -->
