<?xml version="1.0" encoding="UTF-8"?>
<!-- Generated by org.testng.reporters.JUnitReportReporter -->
<testsuite hostname="IN-61DF8C3" failures="0" tests="2" name="tests.LoginTest" time="13.980" errors="0" timestamp="2024-06-14T10:29:15 IST" skipped="0">
  <testcase classname="tests.LoginTest" name="testEnterEmail" time="7.033"/>
  <testcase classname="tests.LoginTest" name="testGoToSignupPage" time="6.947"/>
</testsuite> <!-- tests.LoginTest -->
