<?xml version="1.0" encoding="UTF-8"?>
<!-- Generated by org.testng.reporters.JUnitReportReporter -->
<testsuite hostname="IN-61DF8C3" failures="0" tests="7" name="tests.HomePageTest" time="44.789" errors="0" timestamp="2024-06-14T10:54:31 IST" skipped="0">
  <testcase classname="tests.HomePageTest" name="verifyHomePageTitle" time="4.307"/>
  <testcase classname="tests.HomePageTest" name="verifyGroceryNavigation" time="11.406"/>
  <testcase classname="tests.HomePageTest" name="testSearchFunctionality" time="7.022"/>
  <testcase classname="tests.HomePageTest" name="testSearchFunctionality" time="6.887"/>
  <testcase classname="tests.HomePageTest" name="testGoToLoginPage" time="6.124"/>
  <testcase classname="tests.HomePageTest" name="verifyCartIconPresence" time="4.518"/>
  <testcase classname="tests.HomePageTest" name="verifyFlipkartLogoPresence" time="4.525"/>
</testsuite> <!-- tests.HomePageTest -->
