<?xml version="1.0" encoding="UTF-8"?>
<!-- Generated by org.testng.reporters.JUnitReportReporter -->
<testsuite hostname="IN-61DF8C3" failures="0" tests="10" name="tests.FooterLinkTest" time="54.060" errors="0" timestamp="2024-06-14T10:54:31 IST" skipped="0">
  <testcase classname="tests.FooterLinkTest" name="verifyAboutUsLinkPresence" time="4.564"/>
  <testcase classname="tests.FooterLinkTest" name="verifyContactUsLinkPresence" time="4.275"/>
  <testcase classname="tests.FooterLinkTest" name="verifyCareersLinkPresence" time="4.434"/>
  <testcase classname="tests.FooterLinkTest" name="verifyPrivacyPolicyLinkPresence" time="4.221"/>
  <testcase classname="tests.FooterLinkTest" name="verifyMyntraLinkPresence" time="4.217"/>
  <testcase classname="tests.FooterLinkTest" name="verifyNavigationToAboutUsPage" time="5.675"/>
  <testcase classname="tests.FooterLinkTest" name="verifyNavigationToContactUsPage" time="5.453"/>
  <testcase classname="tests.FooterLinkTest" name="verifyNavigationToCareersPage" time="6.421"/>
  <testcase classname="tests.FooterLinkTest" name="verifyNavigationToPrivacyPolicyPage" time="5.864"/>
  <testcase classname="tests.FooterLinkTest" name="verifyNavigationToMyntraPage" time="8.936"/>
</testsuite> <!-- tests.FooterLinkTest -->
