<?xml version="1.0" encoding="UTF-8"?>
<!-- Generated by org.testng.reporters.JUnitReportReporter -->
<testsuite hostname="IN-61DF8C3" failures="0" tests="1" name="tests.ProductsPageTest" time="15.285" errors="0" timestamp="2024-06-14T10:54:31 IST" skipped="0">
  <testcase classname="tests.ProductsPageTest" name="testAddToCart" time="15.285"/>
</testsuite> <!-- tests.ProductsPageTest -->
