<?xml version="1.0" encoding="UTF-8"?>
<!-- Generated by org.testng.reporters.JUnitReportReporter -->
<testsuite hostname="IN-61DF8C3" failures="0" tests="2" name="tests.LoginTest" time="15.053" errors="0" timestamp="2024-06-14T10:54:31 IST" skipped="0">
  <testcase classname="tests.LoginTest" name="testEnterEmail" time="7.115"/>
  <testcase classname="tests.LoginTest" name="testGoToSignupPage" time="7.938"/>
</testsuite> <!-- tests.LoginTest -->
